#
# There is insufficient memory for the Java Runtime Environment to continue.
# Native memory allocation (mmap) failed to map 67108864 bytes for Failed to commit area from 0x00000000c1e00000 to 0x00000000c5e00000 of length 67108864.
# Possible reasons:
#   The system is out of physical RAM or swap space
#   The process is running with CompressedOops enabled, and the Java Heap may be blocking the growth of the native heap
# Possible solutions:
#   Reduce memory load on the system
#   Increase physical memory or swap space
#   Check if swap backing store is full
#   Decrease Java heap size (-Xmx/-Xms)
#   Decrease number of Java threads
#   Decrease Java thread stack sizes (-Xss)
#   Set larger code cache with -XX:ReservedCodeCacheSize=
# This output file may be truncated or incomplete.
#
#  Out of Memory Error (./open/src/hotspot/os/windows/os_windows.cpp:3292), pid=17284, tid=7372
#
# JRE version:  (11.0.19+9) (build )
# Java VM: Java HotSpot(TM) 64-Bit Server VM (11.0.19+9-LTS-224, mixed mode, sharing, tiered, compressed oops, g1 gc, windows-amd64)
# No core dump will be written. Minidumps are not enabled by default on client versions of Windows
#

---------------  S U M M A R Y ------------

Command Line: jenkins.maven3.agent.Maven35Main C:\Maven\apache-maven-3.9.2\ C:\Users\Admin\.jenkins\war\WEB-INF\lib\remoting-3107.v665000b_51092.jar C:\Users\Admin\.jenkins\plugins\maven-plugin\WEB-INF\lib\maven35-interceptor-1.14.jar C:\Users\Admin\.jenkins\plugins\maven-plugin\WEB-INF\lib\maven3-interceptor-commons-1.14.jar 61178

Host: Intel(R) Core(TM) i3-6006U CPU @ 2.00GHz, 4 cores, 3G,  Windows 10 , 64 bit Build 19041 (10.0.19041.2913)
Time: Tue May 23 13:05:45 2023 India Standard Time elapsed time: 0.051295 seconds (0d 0h 0m 0s)

---------------  T H R E A D  ---------------

Current thread (0x0000025bb24dc800):  JavaThread "Unknown thread" [_thread_in_vm, id=7372, stack(0x000000d85ce00000,0x000000d85cf00000)]

Stack: [0x000000d85ce00000,0x000000d85cf00000]
Native frames: (J=compiled Java code, j=interpreted, Vv=VM code, C=native code)
V  [jvm.dll+0x65fe1a]
V  [jvm.dll+0x7a2bbf]
V  [jvm.dll+0x7a4289]
V  [jvm.dll+0x7a4923]
V  [jvm.dll+0x258a25]
V  [jvm.dll+0x65d179]
V  [jvm.dll+0x651e55]
V  [jvm.dll+0x31302d]
V  [jvm.dll+0x312e92]
V  [jvm.dll+0x317ac6]
V  [jvm.dll+0x35fbc0]
V  [jvm.dll+0x35f632]
V  [jvm.dll+0x2ee6b8]
V  [jvm.dll+0x2ef7c5]
V  [jvm.dll+0x77bc17]
V  [jvm.dll+0x77d4ff]
V  [jvm.dll+0x36ce69]
V  [jvm.dll+0x76070f]
V  [jvm.dll+0x3defe7]
V  [jvm.dll+0x3e1091]
C  [jli.dll+0x52e7]
C  [ucrtbase.dll+0x21bb2]
C  [KERNEL32.DLL+0x17614]
C  [ntdll.dll+0x526a1]


---------------  P R O C E S S  ---------------

Threads class SMR info:
_java_thread_list=0x0000025bb02fbf80, length=0, elements={
}

Java Threads: ( => current thread )

Other Threads:
  0x0000025bb24f2000 GCTaskThread "GC Thread#0" [stack: 0x000000d85cf00000,0x000000d85d000000] [id=18072]
  0x0000025bb250c800 ConcurrentGCThread "G1 Main Marker" [stack: 0x000000d85d000000,0x000000d85d100000] [id=17792]
  0x0000025bb2510000 ConcurrentGCThread "G1 Conc#0" [stack: 0x000000d85d100000,0x000000d85d200000] [id=10536]

[error occurred during error reporting (printing all threads), id 0xc0000005, EXCEPTION_ACCESS_VIOLATION (0xc0000005) at pc=0x00007ff81260f177]

VM state:not at safepoint (not fully initialized)

VM Mutex/Monitor currently owned by a thread:  ([mutex/lock_event])
[0x0000025bb24d9960] Heap_lock - owner thread: 0x0000025bb24dc800

Heap address: 0x00000000c1e00000, size: 994 MB, Compressed Oops mode: Non-zero based: 0x00000000c1e00000
Narrow klass base: 0x0000000000000000, Narrow klass shift: 0

GC Heap History (0 events):
No events

Deoptimization events (0 events):
No events

Classes redefined (0 events):
No events

Internal exceptions (0 events):
No events

Events (0 events):
No events


Dynamic libraries:
0x00007ff6fb9e0000 - 0x00007ff6fb9f0000 	C:\Program Files\Java\jdk-11\bin\java.exe
0x00007ff896490000 - 0x00007ff896688000 	C:\WINDOWS\SYSTEM32\ntdll.dll
0x00007ff8948c0000 - 0x00007ff89497f000 	C:\WINDOWS\System32\KERNEL32.DLL
0x00007ff8941c0000 - 0x00007ff8944b6000 	C:\WINDOWS\System32\KERNELBASE.dll
0x00007ff893f50000 - 0x00007ff894050000 	C:\WINDOWS\System32\ucrtbase.dll
0x00007ff88a970000 - 0x00007ff88a989000 	C:\Program Files\Java\jdk-11\bin\jli.dll
0x00007ff895240000 - 0x00007ff8952ef000 	C:\WINDOWS\System32\ADVAPI32.dll
0x00007ff896330000 - 0x00007ff8963ce000 	C:\WINDOWS\System32\msvcrt.dll
0x00007ff894740000 - 0x00007ff8947dc000 	C:\WINDOWS\System32\sechost.dll
0x00007ff894610000 - 0x00007ff894736000 	C:\WINDOWS\System32\RPCRT4.dll
0x00007ff8954c0000 - 0x00007ff89565d000 	C:\WINDOWS\System32\USER32.dll
0x00007ff893be0000 - 0x00007ff893c02000 	C:\WINDOWS\System32\win32u.dll
0x00007ff8962a0000 - 0x00007ff8962cc000 	C:\WINDOWS\System32\GDI32.dll
0x00007ff8940a0000 - 0x00007ff8941b5000 	C:\WINDOWS\System32\gdi32full.dll
0x00007ff893cc0000 - 0x00007ff893d5d000 	C:\WINDOWS\System32\msvcp_win.dll
0x00007ff884510000 - 0x00007ff8847aa000 	C:\WINDOWS\WinSxS\amd64_microsoft.windows.common-controls_6595b64144ccf1df_6.0.19041.1110_none_60b5254171f9507e\COMCTL32.dll
0x00007ff88dfb0000 - 0x00007ff88dfba000 	C:\WINDOWS\SYSTEM32\VERSION.dll
0x00007ff88cad0000 - 0x00007ff88caeb000 	C:\Program Files\Java\jdk-11\bin\VCRUNTIME140.dll
0x00007ff895a00000 - 0x00007ff895a30000 	C:\WINDOWS\System32\IMM32.DLL
0x00007ff88ab20000 - 0x00007ff88ab2c000 	C:\Program Files\Java\jdk-11\bin\vcruntime140_1.dll
0x00007ff872380000 - 0x00007ff87240e000 	C:\Program Files\Java\jdk-11\bin\msvcp140.dll
0x00007ff812310000 - 0x00007ff812e7c000 	C:\Program Files\Java\jdk-11\bin\server\jvm.dll
0x00007ff8954b0000 - 0x00007ff8954b8000 	C:\WINDOWS\System32\PSAPI.DLL
0x00007ff88d700000 - 0x00007ff88d727000 	C:\WINDOWS\SYSTEM32\WINMM.dll
0x00007ff819ab0000 - 0x00007ff819ab9000 	C:\WINDOWS\SYSTEM32\WSOCK32.dll
0x00007ff896230000 - 0x00007ff89629b000 	C:\WINDOWS\System32\WS2_32.dll
0x00007ff891a30000 - 0x00007ff891a42000 	C:\WINDOWS\SYSTEM32\kernel.appcore.dll
0x00007ff88a870000 - 0x00007ff88a880000 	C:\Program Files\Java\jdk-11\bin\verify.dll
0x00007ff88c010000 - 0x00007ff88c1f4000 	C:\WINDOWS\SYSTEM32\DBGHELP.DLL
0x00007ff88b8f0000 - 0x00007ff88b924000 	C:\WINDOWS\SYSTEM32\dbgcore.DLL
0x00007ff893d60000 - 0x00007ff893de2000 	C:\WINDOWS\System32\bcryptPrimitives.dll
0x00007ff88a770000 - 0x00007ff88a798000 	C:\Program Files\Java\jdk-11\bin\java.dll
0x00007ff88a6f0000 - 0x00007ff88a6fa000 	C:\Program Files\Java\jdk-11\bin\jimage.dll
0x00007ff88a500000 - 0x00007ff88a517000 	C:\Program Files\Java\jdk-11\bin\zip.dll

dbghelp: loaded successfully - version: 4.0.5 - missing functions: none
symbol engine: initialized successfully - sym options: 0x614 - pdb path: .;C:\Program Files\Java\jdk-11\bin;C:\WINDOWS\SYSTEM32;C:\WINDOWS\WinSxS\amd64_microsoft.windows.common-controls_6595b64144ccf1df_6.0.19041.1110_none_60b5254171f9507e;C:\Program Files\Java\jdk-11\bin\server

VM Arguments:
java_command: jenkins.maven3.agent.Maven35Main C:\Maven\apache-maven-3.9.2\ C:\Users\Admin\.jenkins\war\WEB-INF\lib\remoting-3107.v665000b_51092.jar C:\Users\Admin\.jenkins\plugins\maven-plugin\WEB-INF\lib\maven35-interceptor-1.14.jar C:\Users\Admin\.jenkins\plugins\maven-plugin\WEB-INF\lib\maven3-interceptor-commons-1.14.jar 61178
java_class_path (initial): C:\Users\Admin\.jenkins\plugins\maven-plugin\WEB-INF\lib\maven35-agent-1.14.jar;C:\Maven\apache-maven-3.9.2\boot\plexus-classworlds-2.7.0.jar;C:\Maven\apache-maven-3.9.2/conf/logging
Launcher Type: SUN_STANDARD

[Global flags]
     intx CICompilerCount                          = 3                                         {product} {ergonomic}
     uint ConcGCThreads                            = 1                                         {product} {ergonomic}
     uint G1ConcRefinementThreads                  = 4                                         {product} {ergonomic}
   size_t G1HeapRegionSize                         = 1048576                                   {product} {ergonomic}
    uintx GCDrainStackTargetSize                   = 64                                        {product} {ergonomic}
   size_t InitialHeapSize                          = 67108864                                  {product} {ergonomic}
   size_t MarkStackSize                            = 4194304                                   {product} {ergonomic}
   size_t MaxHeapSize                              = 1042284544                                {product} {ergonomic}
   size_t MinHeapDeltaBytes                        = 1048576                                   {product} {ergonomic}
    uintx NonNMethodCodeHeapSize                   = 5830732                                {pd product} {ergonomic}
    uintx NonProfiledCodeHeapSize                  = 122913754                              {pd product} {ergonomic}
    uintx ProfiledCodeHeapSize                     = 122913754                              {pd product} {ergonomic}
    uintx ReservedCodeCacheSize                    = 251658240                              {pd product} {ergonomic}
     bool SegmentedCodeCache                       = true                                      {product} {ergonomic}
     bool UseCompressedClassPointers               = true                                 {lp64_product} {ergonomic}
     bool UseCompressedOops                        = true                                 {lp64_product} {ergonomic}
     bool UseG1GC                                  = true                                      {product} {ergonomic}
     bool UseLargePagesIndividualAllocation        = false                                  {pd product} {ergonomic}

Logging:
Log output configuration:
 #0: stdout all=warning uptime,level,tags
 #1: stderr all=off uptime,level,tags

Environment Variables:
JAVA_HOME=C:\Program Files\Java\jdk-11\
PATH=C:\Maven\apache-maven-3.9.2\/bin;C:\Program Files\Java\jdk-11\/bin;C:\Program Files\Java\jdk-11\/bin;C:\Program Files\Common Files\Oracle\Java\javapath;C:\Program Files (x86)\Common Files\Oracle\Java\javapath;C:\WINDOWS\system32;C:\WINDOWS;C:\WINDOWS\System32\Wbem;C:\WINDOWS\System32\WindowsPowerShell\v1.0\;C:\WINDOWS\System32\OpenSSH\;C:\Program Files\Git\cmd;C:\Maven\apache-maven-3.9.2\bin;C:\Program Files\MySQL\MySQL Shell 8.0\bin\;C:\Users\Admin\AppData\Local\Microsoft\WindowsApps;C:\Program Files\Git\bin\;C:\Program Files\Git\cmd\;C:\Users\Admin\AppData\Local\GitHubDesktop\bin
USERNAME=Admin
OS=Windows_NT
PROCESSOR_IDENTIFIER=Intel64 Family 6 Model 78 Stepping 3, GenuineIntel



---------------  S Y S T E M  ---------------

OS: Windows 10 , 64 bit Build 19041 (10.0.19041.2913)

CPU:total 4 (initial active 4) (2 cores per cpu, 2 threads per core) family 6 model 78 stepping 3 microcode 0xcc, cmov, cx8, fxsr, mmx, sse, sse2, sse3, ssse3, sse4.1, sse4.2, popcnt, avx, avx2, aes, clmul, erms, 3dnowpref, lzcnt, ht, tsc, tscinvbit, bmi1, bmi2, adx, fma

Memory: 4k page, system-wide physical 3970M (75M free)
TotalPageFile size 16258M (AvailPageFile size 43M)
current process WorkingSet (physical memory assigned to process): 9M, peak: 9M
current process commit charge ("private bytes"): 51M, peak: 115M

vm_info: Java HotSpot(TM) 64-Bit Server VM (11.0.19+9-LTS-224) for windows-amd64 JRE (11.0.19+9-LTS-224), built on Mar 27 2023 08:48:55 by "mach5one" with MS VC++ 17.1 (VS2022)

END.
